<?xml version="1.0" encoding="utf-8"?>
<shfbBuild product="Sandcastle Help File Builder and Tools" version="2016.9.17.0" projectFile="C:\Users\Kristian\Documents\GitHub\ST3PRJ3GRP1\BlodtryksApplikation\Dokumentation\Dokumentation.shfbproj" started="22-11-2016 14:48:46">
<buildStep step="Initializing">
Finding tools...
The Sandcastle tools are located in &#39;C:\Program Files (x86)\EWSoftware\Sandcastle Help File Builder\&#39;
Searching for HTML Help 1 compiler...
Found HTML Help 1 compiler in &#39;C:\Program Files (x86)\HTML Help Workshop\&#39;
Locating components in the following folder(s):
    C:\Users\Kristian\Documents\GitHub\ST3PRJ3GRP1\BlodtryksApplikation\Dokumentation
    C:\ProgramData\EWSoftware\Sandcastle Help File Builder\Components and Plug-Ins\
    C:\Program Files (x86)\EWSoftware\Sandcastle Help File Builder\
Using framework reflection data for &#39;.NET Framework 4.6.1&#39; located in &#39;C:\Program Files (x86)\EWSoftware\Sandcastle Help File Builder\Data\.NETFramework&#39;
Using presentation style &#39;VS2013&#39; located in &#39;C:\Program Files (x86)\EWSoftware\Sandcastle Help File Builder\PresentationStyles\VS2013&#39;
Loading and initializing plug-ins...
Lightweight Website Style Version 2016.9.17.0
Copyright &#169; 2006-2016, Eric Woodruff, All Rights Reserved
Portions Copyright &#169; 2014, Sam Harwell, All Rights Reserved
</buildStep>
<buildStep step="ClearWorkFolder">
Clearing working folder...
</buildStep>
<buildStep step="ValidatingDocumentationSources">
Validating and copying documentation source information
Source: C:\Users\Kristian\Documents\GitHub\ST3PRJ3GRP1\BlodtryksApplikation\BlodtryksApplikation.sln
    Found project &#39;C:\Users\Kristian\Documents\GitHub\ST3PRJ3GRP1\BlodtryksApplikation\BTAPr&#230;sentationsLag\BTAPr&#230;sentationsLag.csproj&#39;
    Found project &#39;C:\Users\Kristian\Documents\GitHub\ST3PRJ3GRP1\BlodtryksApplikation\BTALogikLag\BTALogikLag.csproj&#39;
    Found project &#39;C:\Users\Kristian\Documents\GitHub\ST3PRJ3GRP1\BlodtryksApplikation\BTADataLag\BTADataLag.csproj&#39;
    Found project &#39;C:\Users\Kristian\Documents\GitHub\ST3PRJ3GRP1\BlodtryksApplikation\DTO\DTO.csproj&#39;
    Found project &#39;C:\Users\Kristian\Documents\GitHub\ST3PRJ3GRP1\BlodtryksApplikation\BlodtryksApplikation\BlodtryksApplikation.csproj&#39;
    Found project &#39;C:\Users\Kristian\Documents\GitHub\ST3PRJ3GRP1\BlodtryksApplikation\Interfaces\Interfaces.csproj&#39;

Parsing project files
    Found assembly &#39;C:\Users\Kristian\Documents\GitHub\ST3PRJ3GRP1\BlodtryksApplikation\BTAPr&#230;sentationsLag\bin\Debug\BTAPr&#230;sentationsLag.dll&#39;
    Found assembly &#39;C:\Users\Kristian\Documents\GitHub\ST3PRJ3GRP1\BlodtryksApplikation\BTALogikLag\bin\Debug\BTALogikLag.dll&#39;
    Found assembly &#39;C:\Users\Kristian\Documents\GitHub\ST3PRJ3GRP1\BlodtryksApplikation\BTADataLag\bin\Debug\BTADataLag.dll&#39;
    Found assembly &#39;C:\Users\Kristian\Documents\GitHub\ST3PRJ3GRP1\BlodtryksApplikation\DTO\bin\Debug\DTO.dll&#39;
    Last step completed in 00:00:00,0176
</buildStep>
<buildStep step="Failed">

SHFB: Error BE0040: Project assembly does not exist: C:\Users\Kristian\Documents\GitHub\ST3PRJ3GRP1\BlodtryksApplikation\BlodtryksApplikation\bin\Debug\BlodtryksApplikation.exe
   at SandcastleBuilder.Utils.BuildEngine.BuildProcess.ValidateDocumentationSources()
   at SandcastleBuilder.Utils.BuildEngine.BuildProcess.Build()

</buildStep>
</shfbBuild>
